Command line:
   tbInstMemory_module_isim_beh.exe
     -simmode  gui
     -simrunnum  0
     -socket  1062

Mon Nov 05 11:35:06 2012


 Elaboration Time: 0.046875 sec

 Current Memory Usage: 481.559 Meg

 Total Signals          : 9
 Total Nets             : 519
 Total Signal Drivers   : 4
 Total Blocks           : 8
 Total Primitive Blocks : 7
 Total Processes        : 3
 Total Traceable Variables  : 20
 Total Scalar Nets and Variables : 1063
Total Line Count : 16
In process InstMemory_module.vhd:45 
 

 Total Simulation Time: 0.0625 sec

 Current Memory Usage: 481.559 Meg

Mon Nov 05 11:35:56 2012

